ets Jul 29 2019 12:21:46

rst:0x1 (POWERON_RESET),boot:0x13 (SPI_FAST_FLASH_BOOT)
configsip: 0, SPIWP:0xee
clk_drv:0x00,q_drv:0x00,d_drv:0x00,cs0_drv:0x00,hd_drv:0x00,wp_drv:0x00
mode:DIO, clock div:2
load:0x3fff0030,len:1184
load:0x40078000,len:13232
load:0x40080400,len:3028
entry 0x400805e4
16108
16077
16061
16048
16073
16047
16047
16055
16078
16111
16097
16097
16117
16100
16111
16086
15998
16007
16018
16007
16013
16020
15998
16027
16023
16018
16019
16004
15999
16015
16008
15997
16006
15998
16011
16016
16004
16019
16006
16009
16012
16000
16007
16011
16024
16019
16012
16009
16024
16007
16021
16016
16016
15991
16004
16007
16015
16010
16025
16005
16021
16015
16002
16011
16017
16000
16018
16000
16006
16022
16029
16010
15997
16020
16009
16009
15997
16003
16007
16008
16017
16016
16004
16003
16004
15998
16020
16005
16016
16045
16010
16009
16017
16005
16014
16011
15993
16012
16006
15998
16017
15996
16021
16007
16024
16018
16019
16006
16018
16017
16004
15189
14308
14249
14264
14260
14278
14279
14260
14248
14242
14254
14244
14246
14270
14241
14258
14258
14257
14249
14242
14241
14251
14240
14252
14240
14254
14254
14249
14264
14247
14256
14237
14255
14245
14260
14262
14246
14242
14244
14267
14247
14252
14262
14253
14255
14250
14247
14240
14266
14243
14242
14243
14268
14259
14241
14257
14246
14242
14245
14235
14257
14247
14251
14253
14242
14248
14253
14253
14268
14243
14245
14248
14247
14262
14257
14260
14245
14251
14247
14243
14252
14262
14238
14238
14249
14250
14249
14244
14244
14240
14257
14264
14257
14247
14245
14253
14250
14244
14258
14255
14254
14261
14259
14247
14250
14275
14247
14257
14243
14249
14250
14258
14247
14259
14252
14249
14255
14228
11458
10090
10041
10047
10037
10037
10042
10048
10039
10046
10050
10040
10054
10035
10045
10036
10038
10035
10037
10046
10038
10053
10041
10041
10041
10035
10040
10054
10041
10051
10041
10051
10050
10046
10046
10052
10050
10050
10051
10054
10052
10039
10049
10055
10055
10053
10039
10038
10042
10043
10043
10047
10049
10047
10038
10045
10049
10042
10048
10044
10035
10051
10045
10046
10052
10035
10042
10036
10051
10041
10040
10041
10037
10047
10042
10056
10061
10046
10049
10043
10046
10053
10046
10046
10046
10045
10046
10043
10052
10046
10048
10055
10030
10053
10042
10040
10042
10052
10052
10043
10047
10041
10047
10039
10043
10050
10047
10048
10042
10048
10059
10050
10052
10036
10050
10043
10050
10054
10054
10037
10045
10044
10060
10041
10051
10047
10047
10039
10039
10040
10040
10042
10045
10053
10053
10047
10057
10045
10042
10041
10035
10056
10049
10037
10035
10043
10037
10044
10052
10043
10039
10043
10046
10040
10056
10035
10033
10051
10046
10036
10040
10049
10054
10053
10035
10033
10042
10036
10063
10048
10061
10053
10042
10038
10037
10042
10052
10040
10038
10038
10060
10040
10040
10047
10039
10052
10050
10058
10042
10041
10047
10045
10054
10046
10040
10041
10043
10043
10041
10047
10048
10044
10048
10051
10048
10039
10035
10040
10048
10047
10047
10041
10048
10057
10040
10046
10043
10034
10052
10058
10043
10043
10039
10050
10039
10045
10046
10051
10046
10042
10046
10037
10048
10056
10043
10052
10049
10042
10050
10041
10046
10050
10043
10040
10040
10057
10040
10052
10044
10042
10048
10043
10035
10038
10050
10036
10056
10046
10056
10049
10040
10040
10039
10036
10050
10040
10040
10037
10047
10049
10042
10041
10050
10047
10040
10048
10058
10044
10045
10045
10041
10057
10050
10042
10037
10040
10049
10044
10051
10034
10052
10054
10043
10051
10039
10038
10042
10043
10032
10054
10040
10040
10046
10040
10040
10050
10060
10044
10047
10044
10038
10050
10042
10057
10038
10042
10036
10047
10040
10037
10042
10046
10050
10057
10049
10049
10055
10043
10042
10046
10057
10045
10045
10043
10046
10046
10053
10041
10047
10051
10039
10039
10050
10043
10049
10045
10052
10041
10055
10039
10036
10048
10046
10041
10044
10055
10042
10037
10036
10048
10045
10039
10038
10038
10053
10044
10039
10037
10040
10043
10053
10039
10051
10048
10055
10048
10040
10044
10055
10047
10040
10049
10045
10044
10045
10048
10055
10041
10043
10038
10044
10042
10043
10045
10048
10041
10042
10039
10039
10058
10044
10039
10053
10049
10053
10051
10041
10052
10047
10047
10045
10050
10041
10052
10046
10053
10038
10042
10044
10057
10062
10042
10043
10052
10042
10033
10042
10049
10043
10049
10045
10045
10045
10055
10050
10050
10043
10035
10045
10043
10037
10047
10042
10044
10044
10045
10042
10058
10046
10033
10049
10048
10050
10049
10038
10042
10038
10046
10033
10040
10047
10047
10056
10054
10045
10040
10041
10036
10047
10044
10052
10059
10043
10052
10035
10040
10036
10043
10058
10044
10039
10046
10051
10048
10051
10044
10043
10044
10052
10033
10038
10046
10046
10048
10039
10035
10051
10052
10048
10042
10039
10043
10041
10043
10048
10061
10052
10049
10040
10045
10040
10057
10043
10054
10052
10043
10041
10054
10040
10045
10042
10053
10051
10050
10038
10047
10052
10043
10042
10058
10045
10048
10043
10052
10036
10056
10055
10047
10045
10052
10043
10059
10054
10058
10049
10056
10036
10051
10048
10042
10050
10037
10046
10041
10042
10044
10040
10045
10040
10050
10042
10053
10047
10043
10046
10034
10049
10039
10052
10048
10043
10047
10057
10045
10036
10039
10055
10043
10039
10053
10044
10039
10056
10039
10044
10040
10051
10038
10037
10039
10034
10052
10055
10044
10040
10042
10044
10041
10047
10041
10043
10058
10037
10045
10035
10047
10049
10036
10043
10055
10046
10037
10035
10048
10036
10051
10043
10045
10058
10041
10041
10044
10038
10036
10036
10041
10055
10045
10040
10047
10038
10043
10040
10044
10046
10036
10041
10056
10050
10040
10047
10052
10041
10047
10039
10048
10039
10049
10039
10042
10052
10037
10055
10041
10049
10044
10037
10047
10042
10039
10046
10049
10054
10040
10044
10036
10050
10040
10037
10045
10044
10041
10054
10039
10059
10046
10036
10049
10041
10049
10046
10045
10042
10047
10039
10052
10037
10049
10046
10046
10035
10045
10040
10050
10046
10058
10037
10036
10050
10040
10058
10043
10039
10043
10039
10044
10039
10040
10039
10045
10047
10040
10042
10035
10049
10036
10038
10045
10034
10042
10041
10044
10054
10047
10050
10049
10040
10050
10044
10049
10051
10048
10040
10041
10037
10049
10046
10040
10044
10042
10053
10050
10039
10040
10042
10039
10044
10035
10050
10044
10056
10047
10041
10050
10041
10040
10055
10039
10046
10039
10036
10035
10053
10056
10051
10045
10038
10051
10036
10034
10040
10049
10054
10035
10042
10042
10055
10038
10039
10038
10046
10041
10034
10053
10053
10050
10048
10048
10036
10045
10054
10038
10037
10037
10046
10046
10046
10045
10038
10035
10048
10046
10050
10048
10036
10037
10034
10054
10039
10035
10053
10048
10048
10051
10047
10038
10051
10049
10044
10044
10050
10041
10049
10047
10038
10039
10037
10057
10040
10050
10043
10038
10051
10042
10059
10040
10049
10050
10043
10038
10042
10050
10049
10046
10039
10055
10039
10044
10036
10038
10040
10057
10057
10054
10048
10042
10040
10034
10041
10044
10043
10041
10040
10047
10047
10057
10036
10050
10041
10041
10052
10029
10053
10036
10047
10040
10040
10033
10058
10043
10038
10042
10041
10041
10044
10042
10042
10049
10041
10056
10043
10043
10053
10039
10038
10050
10037
10050
10045
10049
10045
10044
10043
10038
10049
10052
10043
10049
10043
10040
10054
10036
10043
10043
10047
10043
10048
10041
10037
10037
10056
10043
10041
10037
10044
10052
10059
10048
10048
10036
10056
10044
10047
10051
10034
10036
10039
10054
10042
10048
10042
10045
10042
10048
10042
10051
10055
10047
10051
10041
10062
10044
10052
10043
10048
10047
10050
10051
10043
10046
10038
10047
10057
10044
10049
10046
10043
10058
10049
10041
10045
10047
10044
10045
10039
10046
10037
10043
10037
10051
10035
10043
10041
10043
10047
10051
10040
10039
10034
10041
10054
10055
10048
10039
10045
10046
10041
10050
10049
10051
10038
10042
10041
10042
10041
10043
10040
10039
10041
10052
10049
10043
10055
10036
10042
10049
10048
10043
10049
10038
10052
10044
10059
10041
10047
10055
10039
10053
10053
10048
10052
10039
10051
10051
10025
10038
10046
10036
10046
10044
10058
10054
10041
10047
10037
10052
10048
10060
10043
10034
10046
10053
10058
10048
10048
10041
10049
10033
10052
10042
10045
10045
10040
10041
10037
10052
10047
10044
10045
10057
10047
10051
10057
10049
10043
10045
10039
10047
10037
10050
10051
10046
10053
10053
10036
10046
10042
10040
10059
10043
10043
10044
10044
10056
10040
10041
10033
10039
10039
10044
10035
10053
10043
10049
10046
10044
10050
10044
10063
10039
10042
10042
10044
10050
10031
10055
10037
10041
10053
10042
10046
10039
10058
10038
10053
10049
10056
10051
10056
10047
10039
10044
10031
10045
10045
10041
10054
10043
10040
10045
10058
10035
10048
10037
10051
10042
10047
10038
10043
10053
10046
10042
10040
10044
10039
10043
10040
10051
10042
10053
10053
10045
10053
10043
10042
10037
10048
10046
10048
10045
10041
10053
10038
10035
10040
10044
10039
10047
10046
10037
10040
10041
10038
10036
10043
10047
10040
10053
10042
10038
10050
10057
10046
10043
10045
10046
10043
10060
10040
10039
10049
10052
10034
10036
10041
10048
10044
10049
10038
10056
10042
10042
10043
10056
10038
10042
10052
10045
10052
10057
10037
10042
10049
10044
10053
10039
10038
10049
10044
10043
10039
10056
10054
10043
10037
10042
10038
10035
10059
10054
10037
10044
10042
10040
10059
10052
10051
10052
10037
10048
10061
10035
10041
10046
10034
10046
10050
10037
10054
10040
10036
10036
10048
10037
10050
10049
10055
10049
10049
10044
10042
10043
10044
10048
10046
10054
10047
10055
10039
10056
10043
10039
10044
10045
10044
10052
10036
10040
10038
10046
10046
10040
10041
10049
10049
10061
10043
10050
10050
10041
10050
10043
10046
10043
10049
10050
10039
10048
10042
10043
10037
10044
10039
10050
10042
10042
10037
10052
10053
10048
10035
10045
10048
10049
10041
10048
10048
10049
10041
10039
10051
10042
10043
10046
10053
10041
10047
10060
10036
10044
10037
10040
10044
10047
10042
10050
10048
10047
10039
10050
10036
10037
10047
10038
10048
10055
10052
10042
10053
10055
10036
10041
10048
10031
10053
10050
10043
10049
10042
10037
10045
10044
10061
10038
10046
10037
10043
10056
10045
10046
10049
10044
10035
10041
10050
10047
10036
10052
10047
10055
10053
10049
10047
10043
10045
10047
10043
10046
10038
10045
10051
10038
10049
10043
10041
10043
10039
10038
10041
10037
10053
10056
10055
10040
10042
10046
10046
10054
10039
10040
10047
10046
10055
10055
10049
10040
10034
10039
10058
10046
10038
10051
10040
10040
10042
10038
10053
10048
10035
10055
10056
10044
10042
10041
10038
10040
10040
10046
10044
10037
10046
10060
10037
10039
10042
10047
10043
10048
10040
10048
10049
10046
10056
10052
10051
10043
10043
10054
10044
10052
10040
10047
10047
10040
10032
10041
10050
10042
10039
10039
10039
10038
10044
10037
10052
10040
10039
10037
10043
10046
10043
10053
10039
10043
10042
10041
10047
10040
10051
10039
10042
10055
10051
10051
10042
10051
10038
10039
10047
10055
10040
10038
10047
10045
10050
10041
10058
10043
10041
10057
10043
10043
10045
10048
10040
10056
10044
10046
10036
10046
10051
10044
10041
10049
10044
10035
10049
10048
10056
10033
10040
10047
10043
10055
10046
10048
10033
10046
10047
10041
10044
10042
10036
10042
10047
10051
10039
10044
10052
10040
10048
10035
10042
10045
10039
10041
10046
10047
10038
10044
10043
10053
10050
10050
10045
10047
10046
10048
10052
10037
10039
10037
10037
10052
10048
10045
10037
10050
10052
10053
10053
10037
10041
10049
10044
10043
10048
10041
10045
10043
10039
10046
10041
10049
10042
10050
10049
10045
10058
10039
10047
10058
10042
10039
10039
10048
10060
10060
10039
10039
10049
10067
10052
10047
10046
10039
10034
10038
10033
10041
10040
10055
10057
10044
10057
10050
10051
10052
10044
10058
10061
10038
10033
10051
10058
10060
10040
10054
10041
10037
10043
10047
10038
10037
10055
10038
10043
10049
10066
10043
10039
10045
10044
10040
10038
10044
10044
10038
10032
10039
10040
10053
10050
10055
10040
10038
10049
10044
10036
10035
10044
10054
10043
10058
10048
10046
10039
10053
10054
10040
10056
10040
10048
10042
10056
10043
10041
10041
10051
10053
10046
10042
10038
10047
10043
10044
10052
10051
10034
10045
10046
10040
10042
10045
10056
10048
10047
10050
10051
10039
10056
10048
10050
10038
10038
10041
10055
10036
10055
10043
10052
10055
10052
10037
10030
10036
10039
10051
10048
10036
10052
10055
10046
10044
10039
10041
10045
10038
10044
10054
10048
10048
10038
10040
10052
10045
10036
10053
10056
10048
10047
10041
10050
10053
10044
10036
10039
10045
10052
10041
10048
10052
10045
10045
10046
10035
10043
10042
10034
10047
10041
10043
10038
10047
10044
10056
10043
10044
10034
10047
10054
10048
10040
10049
10040
10047
10043
10047
10043
10043
10051
10046
10037
10043
10045
10051
10047
10043
10054
10038
10044
10044
10048
10049
10046
10039
10041
10049
10053
10036
10049
10050
10053
10054
10055
10051
10053
10044
10042
10045
10036
10048
10038
10048
10046
10041
10046
10048
10030
10039
10046
10037
10049
10045
10036
10045
10042
10036
10034
10051
10052
10047
10041
10051
10045
10054
10036
10045
10048
10033
10034
10060
10044
10058
10041
10048
10057
10050
10036
10036
10043
10052
10040
10038
10041
10045
10044
10050
10046
10049
10046
10040
10046
10036
10044
10042
10042
10041
10039
10056
10037
10055
10046
10056
10045
10057
10038
10042
10051
10043
10046
10035
10046
10056
10056
10035
10057
10045
10046
10049
10049
10043
10038
10038
10051
10047
10042
10044
10043
10053
10040
10047
10038
10037
10045
10043
10040
10037
10052
10048
10042
10042
10038
10039
10035
10054
10040
10048
10041
10036
10043
10063
10044
10062
10053
10050
10049
10037
10049
10048
10055
10044
10050
10051
10045
10047
10039
10040
10040
10048
10040
10042
10042
10045
10040
10045
10039
10047
10037
10038
10056
10044
10043
10056
10046
10047
10053
10046
10043
10041
10053
10045
10055
10037
10057
10045
10035
10055
10053
10039
10041
10044
10057
10047
10046
10042
10050
10051
10054
10041
10052
10040
10040
10044
10045
10049
10044
10043
10042
10048
10046
10050
10040
10057
10038
10047
10049
10044
10049
10042
10034
10054
10044
10046
10040
10048
10050
10040
10044
10044
10041
10037
10043
10051
10037
10043
10052
10046
10049
10055
10051
10040
10038
10049
10041
10041
10040
10039
10035
10040
10041
10034
10046
10042
10044
10050
10038
10049
10038
10050
10039
10041
10045
10043
10042
10038
10050
10050
10050
10044
10040
10051
10039
10050
10038
10050
10039
10060
10039
10044
10060
10038
10056
10037
10042
10043
10045
10047
10049
10045
10046
10048
10038
10045
10037
10052
10044
10047
10040
10056
10043
10042
10057
10048
10043
10048
10056
10043
10036
10040
10052
10045
10047
10038
10047
10048
10046
10044
10039
10049
10045
10042
10054
10043
10044
10044
10050
10045
10042
10056
10043
10042
10057
10038
10038
10053
10057
10045
10035
10045
10046
10050
10054
10043
10050
10043
10054
10051
10044
10045
10040
10053
10037
10041
10051
10047
10044
10056
10053
10047
10040
10046
10043
10040
10041
10045
10047
10049
10042
10043
10051
10044
10043
10056
10052
10032
10043
10042
10042
10052
10043
10040
10037
10049
10048
10040
10043
10048
10044
10049
10034
10052
10048
10041
10040
10039
10038
10043
10061
10057
10033
10037
10055
10056
10034
10047
10044
10050
10047
10051
10054
10041
10050
10051
10051
10051
10050
10039
10042
10036
10043
10053
10048
10044
10048
10047
10033
10052
10045
10050
10042
10044
10040
10041
10039
10046
10045
10035
10050
10049
10050
10036
10041
10046
10038
10050
10039
10046
10052
10035
10044
10047
10060
10050
10061
10039
10036
10043
10048
10052
10039
10036
10041
10046
10042
10052
10034
10056
10052
10050
10042
10057
10047
10046
10038
10052
10035
10036
10043
10041
10034
10051
10047
10042
10038
10037
10040
10053
10036
10040
10051
10041
10044
10036
10045
10041
10043
10053
10044
10054
10047
10051
10035
10051
10040
10040
10049
10051
10051
10037
10057
10039
10040
10042
10045
10036
10052
10038
10043
10041
10048
10045
10036
10035
10059
10052
10054
10047
10037
10044
10036
10037
10036
10037
10041
10039
10053
10043
10055
10044
10049
10046
10053
10040
10044
10049
10037
10041
10033
10046
10046
10047
10046
10036
10055
10044
10047
10043
10035
10044
10036
10052
10045
10052
10046
10038
10036
10039
10045
10055
10037
10038
10050
10043
10036
10040
10052
10053
10044
10050
10048
10052
10038
10038
10036
10050
10040
10039
10041
10048
10046
10032
10039
10053
10055
10045
10039
10042
10046
10050
10063
10053
10047
10043
10046
10038
10043
10045
10047
10036
10042
10057
10041
10040
10049
10052
10046
10040
10046
10040
10042
10044
10042
10047
10036
10044
10043
10047
10059
10039
10046
10046
10047
10042
10035
10054
10052
10050
10042
10045
10050
10046
10053
10044
10040
10038
10055
10041
10049
10042
10048
10050
10055
10046
10034
10035
10051
10046
10042
10037
10045
10041
10043
10038
10039
10037
10036
10047
10035
10042
10056
10038
10054
10052
10035
10052
10054
10043
10032
10049
10051
10048
10052
10050
10049
10046
10040
10044
10046
10045
10056
10041
10058
10052
10053
10036
10053
10054
10051
10049
10045
10045
10037
10048
10050
10046
10043
10039
10050
10050
10041
10042
10043
10047
10035
10042
10039
10064
10055
10048
10037
10046
10065
10048
10046
10038
10060
10058
10044
10054
10042
10047
10038
10051
10036
10050
10050
10055
10041
10044
10044
10039
10037
10049
10046
10046
10050
10056
10050
10048
10052
10056
10051
10038
10057
10051
10059
10049
10053
10041
10057
10036
10057
10040
10042
10036
10052
10038
10039
10041
10037
10044
10062
10047
10051
10047
10043
10042
10045
10045
10045
10044
10043
10049
10050
10038
10044
10051
10046
10044
10054
10051
10057
10042
10053
10045
10039
10054
10039
10048
10054
10042
10054
10043
10054
10062
10047
10047
10046
10043
10049
10042
10047
10045
10047
10044
10061
10039
10054
10053
10046
10053
10044
10047
10052
10039
10057
10037
10039
10044
10048
10046
10046
10045
10037
10050
10036
10058
10042
10040
10049
10052
10045
10052
10038
10048
10051
10043
10046
10039
10045
10038
10053
10042
10039
10044
10057
10048
10036
10040
10040
10047
10052
10055
10039
10043
10041
10044
10044
10050
10047
10052
10041
10037
10041
10050
10052
10041
10049
10040
10054
10042
10053
10043
10035
10042
10046
10047
10039
10049
10038
10051
10047
10053
10051
10048
10044
10045
10036
10042
10040
10045
10047
10040
10049
10047
10048
10039
10045
10054
10040
10038
10043
10043
10043
10041
10050
10045
10038
10044
10046
10042
10050
10045
10037
10046
10045
10038
10039
10042
10046
10040
10043
10053
10051
10053
10040
10048
10051
10052
10039
10043
10044
10039
10049
10043
10041
10048
10043
10036
10047
10049
10049
10052
10045
10058
10045
10052
10049
10044
10035
10053
10049
10044
10033
10051
10044
10042
10037
10046
10041
10049
10049
10046
10038
10045
10044
10051
10059
10042
10051
10048
10043
10052
10044
10049
10048
10045
10051
10041
10039
10043
10061
10049
10039
10046
10039
10039
10046
10045
10041
10046
10040
10036
10039
10046
10053
10046
10035
10043
10056
10054
10054
10040
10036
10051
10052
10048
10036
10041
10041
10042
10045
10039
10058
10042
10051
10040
10046
10051
10044
10048
10060
10043
10041
10056
10037
10045
10048
10049
10047
10054
10049
10041
10046
10050
10051
10037
10049
10051
10038
10047
10038
10042
10047
10054
10061
10040
10050
10045
10053
10036
10055
10037
10037
10050
10044
10041
10039
10049
10038
10051
10038
10043
10037
10042
10038
10045
10057
10052
10043
10047
10045
10040
10052
10036
10038
10046
10042
10044
10041
10043
10042
10039
10053
10040
10032
10054
10042
10046
10047
10038
10041
10048
10042
10040
10041
10045
10039
10041
10038
10039
10037
10049
10039
10043
10050
10035
10047
10041
10047
10053
10058
10045
10051
10043
10047
10061
10050
10037
10063
10044
10040
10056
10042
10038
10043
10041
10054
10053
10039
10037
10044
10042
10036
10046
10034
10050
10043
10056
10053
10043
10056
10048
10051
10052
10040
10041
10046
10049
10044
10056
10043
10036
10051
10053
10057
10040
10057
10045
10048
10039
10043
10055
10047
10049
10042
10041
10045
10055
10044
10039
10042
10044
10040
10040
10044
10038
10038
10044
10043
10043
10045
10047
10045
10052
10040
10045
10035
10050
10041
10045
10048
10047
10050
10045
10046
10036
10051
10045
10048
10046
10041
10035
10035
10051
10037
10046
10038
10043
10056
10044
10047
10040
10040
10048
10039
10051
10038
10037
10045
10047
10053
10034
10048
10052
10039
10047
10042
10040
10053
10048
10044
10044
10043
10038
10072
10056
10059
10048
10033
10043
10053
10040
10062
10053
10036
10044
10040
10037
10045
10039
10047
10036
10038
10049
10050
10052
10037
10051
10052
10041
10055
10047
10047
10051
10049
10055
10041
10045
10054
10040
10058
10048
10058
10044
10037
10055
10045
10059
10058
10048
10056
10045
10055
10035
10038
10043
10038
10042
10053
10052
10044
10040
10042
10062
10035
10051
10054
10039
10041
10042
10042
10048
10038
10042
10040
10044
10041
10040
10040
10041
10042
10049
10045
10049
10050
10048
10052
10041
10033
10047
10040
10043
10039
10053
10042
10041
10037
10041
10051
10046
10050
10052
10044
10057
10047
10040
10058
10045
10036
10045
10035
10037
10048
10048
10054
10060
10035
10052
10052
10045
10044
10039
10049
10045
10035
10038
10054
10053
10043
10044
10043
10046
10058
10039
10037
10050
10053
10054
10051
10042
10038
10054
10054
10054
10054
10038
10050
10039
10051
10047
10035
10037
10052
10060
10037
10034
10053
10048
10043
10057
10055
10043
10040
10042
10036
10044
10040
10049
10039
10039
10040
10050
10044
10043
10042
10053
10045
10046
10040
10054
10050
10039
10040
10037
10035
10051
10033
10041
10046
10051
10051
10036
10057
10045
10044
10044
10048
10050
10042
10036
10040
10052
10035
10049
10051
10044
10054
10037
10044
10051
10051
10043
10051
10048
10057
10044
10037
10042
10038
10034
10053
10047
10050
10051
10050
10053
10049
10042
10050
10038
10038
10044
10038
10040
10050
10039
10038
10035
10039
10044
10036
10043
10048
10043
10057
10046
10044
10034
10045
10040
10039
10048
10033
10051
10042
10052
10043
10049
10049
10048
10047
10044
10045
10046
10048
10044
10041
10041
10046
10055
10033
10040
10049
10040
10042
10040
10049
10055
10056
10039
10057
10037
10043
10050
10048
10041
10043
10048
10043
10040
10041
10056
10036
10053
10037
10048
10039
10056
10037
10051
10044
10048
10034
10038
10045
10047
10043
10049
10036
10047
10045
10056
10045
10042
10049
10046
10041
10052
10047
10056
10052
10052
10053
10051
10041
10050
10047
10045
10042
10042
10050
10034
10050
10052
10040
10055
10048
10036
10032
10036
10033
10048
10046
10053
10043
10037
10039
10061
10046
10045
10041
10059
10042
10054
10043
10029
10046
10038
10040
10038
10043
10042
10044
10045
10046
10038
10039
10043
10043
10038
10040
10046
10060
10051
10039
10048
10038
10040
10050
10038
10039
10042
10052
10037
10041
10038
10046
10043
10045
10048
10041
10043
10037
10041
10035
10040
10052
10052
10049
10060
10037
10065
10045
10043
10042
10052
10053
10050
10047
10044
10054
10054
10047
10049
10034
10054
10037
10035
10046
10037
10051
10055
10040
10046
10042
10034
10036
10055
10047
10038
10044
10034
10054
10047
10042
10053
10050
10046
10047
10038
10048
10047
10048
10040
10049
10043
10040
10055
10036
10047
10047
10044
10047
10033
10050
10047
10037
10042
10036
10045
10050
10034
10042
10044
10042
10042
10052
10045
10040
10036
10038
10044
10057
10045
10053
10058
10038
10037
10035
10039
10042
10059
10038
10041
10043
10055
10042
10055
10040
10036
10061
10040
10040
10051
10034
10049
10047
10036
10043
10043
10056
10050
10045
10041
10054
10049
10037
10043
10053
10045
10039
10043
10044
10032
10043
10038
10048
10054
10052
10037
10052
10051
10038
10054
10048
10044
10059
10043
10041
10059
10049
10042
10039
10041
10045
10045
10054
10049
10056
10059
10050
10045
10042
10037
10043
10054
10046
10044
10033
10041
10043
10044
10039
10060
10037
10045
10051
10053
10039
10058
10037
10050
10058
10045
10040
10039
10041
10038
10042
10040
10048
10036
10045
10041
10033
10036
10039
10042
10044
10055
10046
10042
10052
10042
10052
10043
10037
10047
10050
10036
10038
10047
10058
10046
10046
10035
10047
10042
10043
10046
10041
10047
10053
10047
10044
10043
10046
10053
10033
10050
10047
10042
10058
10044
10047
10036
10040
10037
10047
10039
10050
10052
10040
10041
10042
10046
10055
10053
10053
10048
10043
10032
10045
10039
10044
10036
10045
10055
10043
10052
10044
10038
10040
10041
10055
10048
10044
10048
10042
10041
10051
10049
10058
10051
10045
10067
10052
10042
10041
10056
10039
10053
10055
10045
10039
10038
10050
10045
10051
10048
10036
10050
10041
10046
10042
10041
10037
10046
10050
10052
10043
10048
10043
10042
10038
10044
10035
10041
10041
10047
10042
10044
10052
10046
10042
10049
10043
10051
10041
10038
10045
10040
10045
10056
10041
10060
10040
10051
10046
10045
10046
10041
10043
10049
10032
10038
10041
10036
10041
10038
10055
10038
10048
10037
10043
10049
10036
10045
10052
10039
10061
10050
10040
10044
10045
10045
10050
10036
10044
10047
10036
10056
10053
10041
10045
10058
10041
10044
10053
10039
10049
10055
10055
10044
10038
10044
10060
10039
10043
10059
10053
10045
10045
10042
10044
10046
10050
10044
10041
10052
10035
10039
10048
10041
10038
10036
10046
10050
10046
10039
10044
10037
10038
10047
10048
10044
10041
10047
10041
10036
10053
10052
10044
10046
10043
10046
10042
10042
10050
10048
10045
10042
10049
10047
10040
10047
10049
10041
10058
10040
10036
10044
10048
10037
10038
10058
10039
10039
10037
10047
10048
10056
10046
10036
10055
10047
10049
10049
10038
10061
10040
10042
10039
10036
10046
10043
10042
10040
10050
10040
10041
10036
10050
10048
10045
10045
10060
10040
10045
10041
10047
10042
10038
10036
10043
10041
10046
10047
10039
10063
10036
10038
10054
10050
10047
10047
10044
10040
10047
10042
10049
10037
10048
10045
10046
10035
10046
10040
10038
10039
10040
10042
10040
10049
10041
10049
10044
10041
10042
10037
10048
10049
10049
10044
10036
10036
10043
10050
10039
10038
10046
10049
10038
10041
10040
10037
10034
10040
10060
10055
10051
10040
10050
10040
10043
10041
10042
10035
10042
10054
10048
10039
10054
10045
10058
10039
10058
10042
10042
10036
10042
10038
10052
10048
10050
10042
10044
10046
10043
10050
10040
10038
10042
10037
10037
10036
10045
10052
10053
10050
10044
10045
10042
10047
10044
10046
10055
10039
10052
10047
10042
10038
10054
10038
10039
10035
10048
10056
10041
10052
10052
10053
10044
10047
10037
10043
10050
10052
10048
10055
10051
10044
10044
10038
10041
10061
10037
10046
10032
10054
10047
10049
10047
10049
10040
10044
10061
10038
10057
10057
10039
10051
10043
10045
10038
10054
10050
10042
10048
10046
10056
10054
10050
10038
10050
10049
10047
10045
10045
10046
10047
10032
10045
10060
10053
10041
10045
10048
10041
10045
10037
10045
10042
10039
10043
10038
10049
10053
10047
10068
10035
10046
10050
10034
10051
10056
10053
10046
10042
10053
10042
10053
10043
10046
10046
10047
10049
10041
10041
10040
10039
10049
10035
10034
10037
10048
10048
10052
10041
10050
10036
10043
10047
10046
10047
10050
10042
10036
10040
10052
10051
10049
10048
10050
10047
10047
10042
10045
10037
10050
10045
10043
10046
10039
10049
10036
10046
10048
10042
10053
10040
10046
10041
10039
10036
10040
10035
10034
10055
10043
10055
10051
10042
10043
10040
10055
10036
10042
10051
10046
10051
10053
10050
10040
10043
10047
10044
10039
10039
10043
10043
10041
10054
10049
10059
10040
10056
10041
10033
10045
10038
10046
10050
10042
10038
10045
10053
10037
10049
10049
10040
10048
10051
10042
10044
10044
10045
10039
10040
10044
10043
10043
10041
10046
10050
10046
10053
10042
10055
10035
10052
10051
10034
10049
10044
10053
10049
10047
10043
10039
10044
10044
10038
10043
10049
10045
10039
10044
10041
10051
10038
10049
10034
10052
10048
10042
10042
10035
10036
10042
10036
10056
10042
10043
10050
10051
10049
10036
10054
10039
10043
10045
10052
10053
10058
10037
10043
10046
10044
10050
10047
10044
10050
10045
10041
10046
10047
10037
10044
10045
10043
10043
10042
10051
10041
10048
10042
10039
10046
10062
10043
10046
10037
10055
10051
10042
10039
10039
10049
10039
10039
10049
10040
10039
10038
10036
10054
10038
10046
10040
10044
10039
10045
10051
10040
10054
10053
10056
10044
10050
10044
10046
10057
10056
10040
10040
10048
10049
10050
10041
10043
10047
10043
10052
10051
10041
10048
10045
10048
10046
10050
10046
10053
10044
10054
10042
10042
10044
10037
10042
10054
10048
10038
10037
10042
10053
10038
10041
10039
10044
10040
10044
10041
10034
10044
10046
10045
10044
10057
10057
10049
10055
10057
10042
10051
10047
10040
10045
10049
10042
10046
10040
10040
10040
10043
10048
10049
10052
10050
10051
10047
10049
10043
10047
10049
10050
10051
10042
10058
10053
10042
10041
10055
10056
10049
10045
10049
10053
10043
10049
10044
10046
10047
10047
10038
10041
10041
10040
10047
10041
10038
10044
10047
10049
10042
10042
10045
10037
10041
10047
10040
10055
10041
10039
10057
10039
10047
10035
10050
10043
10039
10037
10045
10040
10047
10052
10034
10033
10053
10057
10048
10048
10044
10040
10046
10038
10041
10050
10043
10042
10039
10047
10046
10038
10045
10046
10045
10044
10054
10043
10043
10036
10046
10049
10048
10051
10036
10055
10065
10047
10053
10039
10039
10051
10038
10033
10055
10042
10044
10053
10049
10053
10045
10042
10049
10038
10042
10051
10052
10040
10049
10048
10055
10041
10046
10047
10045
10050
10053
10053
10042
10042
10041
10035
10041
10037
10047
10045
10052
10045
10050
10036
10056
10042
10039
10056
10039
10041
10046
10039
10039
10048
10057
10037
10043
10041
10036
10050
10043
10038
10062
10042
10045
10042
10056
10045
10054
10043
10041
10047
10039
10044
10052
10047
10037
10043
10050
10037
10048
10039
10047
10036
10055
10045
10044
10044
10035
10053
10040
10050
10042
10048
10046
10046
10043
10047
10043
10047
10054
10047
10050
10048
10042
10045
10044
10038
10042
10045
10042
10044
10044
10051
10050
10045
10044
10053
10042
10049
10038
10047
10039
10037
10045
10050
10051
10047
10042
10035
10046
10049
10044
10040
10053
10047
10045
10053
10055
10052
10037
10045
10052
10051
10037
10042
10044
10045
10037
10055
10042
10050
10039
10041
10045
10047
10042
10048
10040
10036
10040
10040
10045
10043
10038
10037
10041
10041
10038
10036
10061
10041
10031
10042
10043
10046
10039
10051
10046
10041
10049
10036
10039
10042
10046
10041
10049
10040
10041
10050
10048
10041
10039
10030
10051
10047
10038
10037
10055
10044
10042
10043
10042
10054
10043
10038
10039
10039
10041
10041
10053
10038
10041
10038
10053
10057
10038
10040
10042
10049
10037
10047
10036
10043
10047
10050
10054
10044
10054
10041
10053
10058
10047
10050
10059
10048
10038
10055
10039
10039
10061
10040
10039
10044
10048
10046
10044
10041
10044
10036
10042
10052
10032
10048
10055
10042
10040
10045
10041
10040
10041
10041
10040
10051
10039
10058
10040
10043
10046
10035
10043
10046
10053
10045
10044
10038
10057
10043
10049
10052
10038
10044
10044
10051
10041
10038
10046
10038
10044
10048
10047
10052
10049
10052
10049
10055
10034
10048
10066
10039
10048
Completed 5000 loops
